[2024-03-22 14:40:00] local.ERROR: Undefined constant "about" {"view":{"view":"C:\\lawas\\KULIAH\\SMT 6\\TREN MOBILE\\tugas 2\\company-profile\\resources\\views\\index.blade.php","data":{"errors":"<pre class=sf-dump id=sf-dump-751384686 data-indent-pad=\"  \"><span class=sf-dump-note>Illuminate\\Support\\ViewErrorBag</span> {<a class=sf-dump-ref>#284</a><samp data-depth=1 class=sf-dump-expanded>
  #<span class=sf-dump-protected title=\"Protected property\">bags</span>: []
</samp>}
</pre><script>Sfdump(\"sf-dump-751384686\", {\"maxDepth\":3,\"maxStringLength\":160})</script>
"}},"exception":"[object] (Spatie\\LaravelIgnition\\Exceptions\\ViewException(code: 0): Undefined constant \"about\" at C:\\lawas\\KULIAH\\SMT 6\\TREN MOBILE\\tugas 2\\company-profile\\resources\\views\\index.blade.php:579)
[stacktrace]
#0 C:\\lawas\\KULIAH\\SMT 6\\TREN MOBILE\\tugas 2\\company-profile\\vendor\\laravel\\framework\\src\\Illuminate\\Filesystem\\Filesystem.php(123): require()
#1 C:\\lawas\\KULIAH\\SMT 6\\TREN MOBILE\\tugas 2\\company-profile\\vendor\\laravel\\framework\\src\\Illuminate\\Filesystem\\Filesystem.php(124): Illuminate\\Filesystem\\Filesystem::Illuminate\\Filesystem\\{closure}()
#2 C:\\lawas\\KULIAH\\SMT 6\\TREN MOBILE\\tugas 2\\company-profile\\vendor\\laravel\\framework\\src\\Illuminate\\View\\Engines\\PhpEngine.php(58): Illuminate\\Filesystem\\Filesystem->getRequire('C:\\\\lawas\\\\KULIAH...', Array)
#3 C:\\lawas\\KULIAH\\SMT 6\\TREN MOBILE\\tugas 2\\company-profile\\vendor\\laravel\\framework\\src\\Illuminate\\View\\Engines\\CompilerEngine.php(73): Illuminate\\View\\Engines\\PhpEngine->evaluatePath('C:\\\\lawas\\\\KULIAH...', Array)
#4 C:\\lawas\\KULIAH\\SMT 6\\TREN MOBILE\\tugas 2\\company-profile\\vendor\\laravel\\framework\\src\\Illuminate\\View\\View.php(208): Illuminate\\View\\Engines\\CompilerEngine->get('C:\\\\lawas\\\\KULIAH...', Array)
#5 C:\\lawas\\KULIAH\\SMT 6\\TREN MOBILE\\tugas 2\\company-profile\\vendor\\laravel\\framework\\src\\Illuminate\\View\\View.php(191): Illuminate\\View\\View->getContents()
#6 C:\\lawas\\KULIAH\\SMT 6\\TREN MOBILE\\tugas 2\\company-profile\\vendor\\laravel\\framework\\src\\Illuminate\\View\\View.php(160): Illuminate\\View\\View->renderContents()
#7 C:\\lawas\\KULIAH\\SMT 6\\TREN MOBILE\\tugas 2\\company-profile\\vendor\\laravel\\framework\\src\\Illuminate\\Http\\Response.php(70): Illuminate\\View\\View->render()
#8 C:\\lawas\\KULIAH\\SMT 6\\TREN MOBILE\\tugas 2\\company-profile\\vendor\\laravel\\framework\\src\\Illuminate\\Http\\Response.php(35): Illuminate\\Http\\Response->setContent(Object(Illuminate\\View\\View))
#9 C:\\lawas\\KULIAH\\SMT 6\\TREN MOBILE\\tugas 2\\company-profile\\vendor\\laravel\\framework\\src\\Illuminate\\Routing\\Router.php(918): Illuminate\\Http\\Response->__construct(Object(Illuminate\\View\\View), 200, Array)
#10 C:\\lawas\\KULIAH\\SMT 6\\TREN MOBILE\\tugas 2\\company-profile\\vendor\\laravel\\framework\\src\\Illuminate\\Routing\\Router.php(885): Illuminate\\Routing\\Router::toResponse(Object(Illuminate\\Http\\Request), Object(Illuminate\\View\\View))
#11 C:\\lawas\\KULIAH\\SMT 6\\TREN MOBILE\\tugas 2\\company-profile\\vendor\\laravel\\framework\\src\\Illuminate\\Routing\\Router.php(805): Illuminate\\Routing\\Router->prepareResponse(Object(Illuminate\\Http\\Request), Object(Illuminate\\View\\View))
#12 C:\\lawas\\KULIAH\\SMT 6\\TREN MOBILE\\tugas 2\\company-profile\\vendor\\laravel\\framework\\src\\Illuminate\\Pipeline\\Pipeline.php(144): Illuminate\\Routing\\Router->Illuminate\\Routing\\{closure}(Object(Illuminate\\Http\\Request))
#13 C:\\lawas\\KULIAH\\SMT 6\\TREN MOBILE\\tugas 2\\company-profile\\vendor\\laravel\\framework\\src\\Illuminate\\Routing\\Middleware\\SubstituteBindings.php(50): Illuminate\\Pipeline\\Pipeline->Illuminate\\Pipeline\\{closure}(Object(Illuminate\\Http\\Request))
#14 C:\\lawas\\KULIAH\\SMT 6\\TREN MOBILE\\tugas 2\\company-profile\\vendor\\laravel\\framework\\src\\Illuminate\\Pipeline\\Pipeline.php(183): Illuminate\\Routing\\Middleware\\SubstituteBindings->handle(Object(Illuminate\\Http\\Request), Object(Closure))
#15 C:\\lawas\\KULIAH\\SMT 6\\TREN MOBILE\\tugas 2\\company-profile\\vendor\\laravel\\framework\\src\\Illuminate\\Foundation\\Http\\Middleware\\VerifyCsrfToken.php(88): Illuminate\\Pipeline\\Pipeline->Illuminate\\Pipeline\\{closure}(Object(Illuminate\\Http\\Request))
#16 C:\\lawas\\KULIAH\\SMT 6\\TREN MOBILE\\tugas 2\\company-profile\\vendor\\laravel\\framework\\src\\Illuminate\\Pipeline\\Pipeline.php(183): Illuminate\\Foundation\\Http\\Middleware\\VerifyCsrfToken->handle(Object(Illuminate\\Http\\Request), Object(Closure))
#17 C:\\lawas\\KULIAH\\SMT 6\\TREN MOBILE\\tugas 2\\company-profile\\vendor\\laravel\\framework\\src\\Illuminate\\View\\Middleware\\ShareErrorsFromSession.php(49): Illuminate\\Pipeline\\Pipeline->Illuminate\\Pipeline\\{closure}(Object(Illuminate\\Http\\Request))
#18 C:\\lawas\\KULIAH\\SMT 6\\TREN MOBILE\\tugas 2\\company-profile\\vendor\\laravel\\framework\\src\\Illuminate\\Pipeline\\Pipeline.php(183): Illuminate\\View\\Middleware\\ShareErrorsFromSession->handle(Object(Illuminate\\Http\\Request), Object(Closure))
#19 C:\\lawas\\KULIAH\\SMT 6\\TREN MOBILE\\tugas 2\\company-profile\\vendor\\laravel\\framework\\src\\Illuminate\\Session\\Middleware\\StartSession.php(121): Illuminate\\Pipeline\\Pipeline->Illuminate\\Pipeline\\{closure}(Object(Illuminate\\Http\\Request))
#20 C:\\lawas\\KULIAH\\SMT 6\\TREN MOBILE\\tugas 2\\company-profile\\vendor\\laravel\\framework\\src\\Illuminate\\Session\\Middleware\\StartSession.php(64): Illuminate\\Session\\Middleware\\StartSession->handleStatefulRequest(Object(Illuminate\\Http\\Request), Object(Illuminate\\Session\\Store), Object(Closure))
#21 C:\\lawas\\KULIAH\\SMT 6\\TREN MOBILE\\tugas 2\\company-profile\\vendor\\laravel\\framework\\src\\Illuminate\\Pipeline\\Pipeline.php(183): Illuminate\\Session\\Middleware\\StartSession->handle(Object(Illuminate\\Http\\Request), Object(Closure))
#22 C:\\lawas\\KULIAH\\SMT 6\\TREN MOBILE\\tugas 2\\company-profile\\vendor\\laravel\\framework\\src\\Illuminate\\Cookie\\Middleware\\AddQueuedCookiesToResponse.php(37): Illuminate\\Pipeline\\Pipeline->Illuminate\\Pipeline\\{closure}(Object(Illuminate\\Http\\Request))
#23 C:\\lawas\\KULIAH\\SMT 6\\TREN MOBILE\\tugas 2\\company-profile\\vendor\\laravel\\framework\\src\\Illuminate\\Pipeline\\Pipeline.php(183): Illuminate\\Cookie\\Middleware\\AddQueuedCookiesToResponse->handle(Object(Illuminate\\Http\\Request), Object(Closure))
#24 C:\\lawas\\KULIAH\\SMT 6\\TREN MOBILE\\tugas 2\\company-profile\\vendor\\laravel\\framework\\src\\Illuminate\\Cookie\\Middleware\\EncryptCookies.php(75): Illuminate\\Pipeline\\Pipeline->Illuminate\\Pipeline\\{closure}(Object(Illuminate\\Http\\Request))
#25 C:\\lawas\\KULIAH\\SMT 6\\TREN MOBILE\\tugas 2\\company-profile\\vendor\\laravel\\framework\\src\\Illuminate\\Pipeline\\Pipeline.php(183): Illuminate\\Cookie\\Middleware\\EncryptCookies->handle(Object(Illuminate\\Http\\Request), Object(Closure))
#26 C:\\lawas\\KULIAH\\SMT 6\\TREN MOBILE\\tugas 2\\company-profile\\vendor\\laravel\\framework\\src\\Illuminate\\Pipeline\\Pipeline.php(119): Illuminate\\Pipeline\\Pipeline->Illuminate\\Pipeline\\{closure}(Object(Illuminate\\Http\\Request))
#27 C:\\lawas\\KULIAH\\SMT 6\\TREN MOBILE\\tugas 2\\company-profile\\vendor\\laravel\\framework\\src\\Illuminate\\Routing\\Router.php(805): Illuminate\\Pipeline\\Pipeline->then(Object(Closure))
#28 C:\\lawas\\KULIAH\\SMT 6\\TREN MOBILE\\tugas 2\\company-profile\\vendor\\laravel\\framework\\src\\Illuminate\\Routing\\Router.php(784): Illuminate\\Routing\\Router->runRouteWithinStack(Object(Illuminate\\Routing\\Route), Object(Illuminate\\Http\\Request))
#29 C:\\lawas\\KULIAH\\SMT 6\\TREN MOBILE\\tugas 2\\company-profile\\vendor\\laravel\\framework\\src\\Illuminate\\Routing\\Router.php(748): Illuminate\\Routing\\Router->runRoute(Object(Illuminate\\Http\\Request), Object(Illuminate\\Routing\\Route))
#30 C:\\lawas\\KULIAH\\SMT 6\\TREN MOBILE\\tugas 2\\company-profile\\vendor\\laravel\\framework\\src\\Illuminate\\Routing\\Router.php(737): Illuminate\\Routing\\Router->dispatchToRoute(Object(Illuminate\\Http\\Request))
#31 C:\\lawas\\KULIAH\\SMT 6\\TREN MOBILE\\tugas 2\\company-profile\\vendor\\laravel\\framework\\src\\Illuminate\\Foundation\\Http\\Kernel.php(200): Illuminate\\Routing\\Router->dispatch(Object(Illuminate\\Http\\Request))
#32 C:\\lawas\\KULIAH\\SMT 6\\TREN MOBILE\\tugas 2\\company-profile\\vendor\\laravel\\framework\\src\\Illuminate\\Pipeline\\Pipeline.php(144): Illuminate\\Foundation\\Http\\Kernel->Illuminate\\Foundation\\Http\\{closure}(Object(Illuminate\\Http\\Request))
#33 C:\\lawas\\KULIAH\\SMT 6\\TREN MOBILE\\tugas 2\\company-profile\\vendor\\laravel\\framework\\src\\Illuminate\\Foundation\\Http\\Middleware\\TransformsRequest.php(21): Illuminate\\Pipeline\\Pipeline->Illuminate\\Pipeline\\{closure}(Object(Illuminate\\Http\\Request))
#34 C:\\lawas\\KULIAH\\SMT 6\\TREN MOBILE\\tugas 2\\company-profile\\vendor\\laravel\\framework\\src\\Illuminate\\Foundation\\Http\\Middleware\\ConvertEmptyStringsToNull.php(31): Illuminate\\Foundation\\Http\\Middleware\\TransformsRequest->handle(Object(Illuminate\\Http\\Request), Object(Closure))
#35 C:\\lawas\\KULIAH\\SMT 6\\TREN MOBILE\\tugas 2\\company-profile\\vendor\\laravel\\framework\\src\\Illuminate\\Pipeline\\Pipeline.php(183): Illuminate\\Foundation\\Http\\Middleware\\ConvertEmptyStringsToNull->handle(Object(Illuminate\\Http\\Request), Object(Closure))
#36 C:\\lawas\\KULIAH\\SMT 6\\TREN MOBILE\\tugas 2\\company-profile\\vendor\\laravel\\framework\\src\\Illuminate\\Foundation\\Http\\Middleware\\TransformsRequest.php(21): Illuminate\\Pipeline\\Pipeline->Illuminate\\Pipeline\\{closure}(Object(Illuminate\\Http\\Request))
#37 C:\\lawas\\KULIAH\\SMT 6\\TREN MOBILE\\tugas 2\\company-profile\\vendor\\laravel\\framework\\src\\Illuminate\\Foundation\\Http\\Middleware\\TrimStrings.php(50): Illuminate\\Foundation\\Http\\Middleware\\TransformsRequest->handle(Object(Illuminate\\Http\\Request), Object(Closure))
#38 C:\\lawas\\KULIAH\\SMT 6\\TREN MOBILE\\tugas 2\\company-profile\\vendor\\laravel\\framework\\src\\Illuminate\\Pipeline\\Pipeline.php(183): Illuminate\\Foundation\\Http\\Middleware\\TrimStrings->handle(Object(Illuminate\\Http\\Request), Object(Closure))
#39 C:\\lawas\\KULIAH\\SMT 6\\TREN MOBILE\\tugas 2\\company-profile\\vendor\\laravel\\framework\\src\\Illuminate\\Http\\Middleware\\ValidatePostSize.php(27): Illuminate\\Pipeline\\Pipeline->Illuminate\\Pipeline\\{closure}(Object(Illuminate\\Http\\Request))
#40 C:\\lawas\\KULIAH\\SMT 6\\TREN MOBILE\\tugas 2\\company-profile\\vendor\\laravel\\framework\\src\\Illuminate\\Pipeline\\Pipeline.php(183): Illuminate\\Http\\Middleware\\ValidatePostSize->handle(Object(Illuminate\\Http\\Request), Object(Closure))
#41 C:\\lawas\\KULIAH\\SMT 6\\TREN MOBILE\\tugas 2\\company-profile\\vendor\\laravel\\framework\\src\\Illuminate\\Foundation\\Http\\Middleware\\PreventRequestsDuringMaintenance.php(110): Illuminate\\Pipeline\\Pipeline->Illuminate\\Pipeline\\{closure}(Object(Illuminate\\Http\\Request))
#42 C:\\lawas\\KULIAH\\SMT 6\\TREN MOBILE\\tugas 2\\company-profile\\vendor\\laravel\\framework\\src\\Illuminate\\Pipeline\\Pipeline.php(183): Illuminate\\Foundation\\Http\\Middleware\\PreventRequestsDuringMaintenance->handle(Object(Illuminate\\Http\\Request), Object(Closure))
#43 C:\\lawas\\KULIAH\\SMT 6\\TREN MOBILE\\tugas 2\\company-profile\\vendor\\laravel\\framework\\src\\Illuminate\\Http\\Middleware\\HandleCors.php(49): Illuminate\\Pipeline\\Pipeline->Illuminate\\Pipeline\\{closure}(Object(Illuminate\\Http\\Request))
#44 C:\\lawas\\KULIAH\\SMT 6\\TREN MOBILE\\tugas 2\\company-profile\\vendor\\laravel\\framework\\src\\Illuminate\\Pipeline\\Pipeline.php(183): Illuminate\\Http\\Middleware\\HandleCors->handle(Object(Illuminate\\Http\\Request), Object(Closure))
#45 C:\\lawas\\KULIAH\\SMT 6\\TREN MOBILE\\tugas 2\\company-profile\\vendor\\laravel\\framework\\src\\Illuminate\\Http\\Middleware\\TrustProxies.php(57): Illuminate\\Pipeline\\Pipeline->Illuminate\\Pipeline\\{closure}(Object(Illuminate\\Http\\Request))
#46 C:\\lawas\\KULIAH\\SMT 6\\TREN MOBILE\\tugas 2\\company-profile\\vendor\\laravel\\framework\\src\\Illuminate\\Pipeline\\Pipeline.php(183): Illuminate\\Http\\Middleware\\TrustProxies->handle(Object(Illuminate\\Http\\Request), Object(Closure))
#47 C:\\lawas\\KULIAH\\SMT 6\\TREN MOBILE\\tugas 2\\company-profile\\vendor\\laravel\\framework\\src\\Illuminate\\Pipeline\\Pipeline.php(119): Illuminate\\Pipeline\\Pipeline->Illuminate\\Pipeline\\{closure}(Object(Illuminate\\Http\\Request))
#48 C:\\lawas\\KULIAH\\SMT 6\\TREN MOBILE\\tugas 2\\company-profile\\vendor\\laravel\\framework\\src\\Illuminate\\Foundation\\Http\\Kernel.php(175): Illuminate\\Pipeline\\Pipeline->then(Object(Closure))
#49 C:\\lawas\\KULIAH\\SMT 6\\TREN MOBILE\\tugas 2\\company-profile\\vendor\\laravel\\framework\\src\\Illuminate\\Foundation\\Http\\Kernel.php(144): Illuminate\\Foundation\\Http\\Kernel->sendRequestThroughRouter(Object(Illuminate\\Http\\Request))
#50 C:\\lawas\\KULIAH\\SMT 6\\TREN MOBILE\\tugas 2\\company-profile\\vendor\\laravel\\framework\\src\\Illuminate\\Foundation\\Application.php(1168): Illuminate\\Foundation\\Http\\Kernel->handle(Object(Illuminate\\Http\\Request))
#51 C:\\lawas\\KULIAH\\SMT 6\\TREN MOBILE\\tugas 2\\company-profile\\public\\index.php(17): Illuminate\\Foundation\\Application->handleRequest(Object(Illuminate\\Http\\Request))
#52 C:\\lawas\\KULIAH\\SMT 6\\TREN MOBILE\\tugas 2\\company-profile\\vendor\\laravel\\framework\\src\\Illuminate\\Foundation\\resources\\server.php(16): require_once('C:\\\\lawas\\\\KULIAH...')
#53 {main}

[previous exception] [object] (Error(code: 0): Undefined constant \"about\" at C:\\lawas\\KULIAH\\SMT 6\\TREN MOBILE\\tugas 2\\company-profile\\storage\\framework\\views\\5886005b408add84613e52366e9e2e9b.php:579)
[stacktrace]
#0 C:\\lawas\\KULIAH\\SMT 6\\TREN MOBILE\\tugas 2\\company-profile\\vendor\\laravel\\framework\\src\\Illuminate\\Filesystem\\Filesystem.php(123): require()
#1 C:\\lawas\\KULIAH\\SMT 6\\TREN MOBILE\\tugas 2\\company-profile\\vendor\\laravel\\framework\\src\\Illuminate\\Filesystem\\Filesystem.php(124): Illuminate\\Filesystem\\Filesystem::Illuminate\\Filesystem\\{closure}()
#2 C:\\lawas\\KULIAH\\SMT 6\\TREN MOBILE\\tugas 2\\company-profile\\vendor\\laravel\\framework\\src\\Illuminate\\View\\Engines\\PhpEngine.php(58): Illuminate\\Filesystem\\Filesystem->getRequire('C:\\\\lawas\\\\KULIAH...', Array)
#3 C:\\lawas\\KULIAH\\SMT 6\\TREN MOBILE\\tugas 2\\company-profile\\vendor\\laravel\\framework\\src\\Illuminate\\View\\Engines\\CompilerEngine.php(73): Illuminate\\View\\Engines\\PhpEngine->evaluatePath('C:\\\\lawas\\\\KULIAH...', Array)
#4 C:\\lawas\\KULIAH\\SMT 6\\TREN MOBILE\\tugas 2\\company-profile\\vendor\\laravel\\framework\\src\\Illuminate\\View\\View.php(208): Illuminate\\View\\Engines\\CompilerEngine->get('C:\\\\lawas\\\\KULIAH...', Array)
#5 C:\\lawas\\KULIAH\\SMT 6\\TREN MOBILE\\tugas 2\\company-profile\\vendor\\laravel\\framework\\src\\Illuminate\\View\\View.php(191): Illuminate\\View\\View->getContents()
#6 C:\\lawas\\KULIAH\\SMT 6\\TREN MOBILE\\tugas 2\\company-profile\\vendor\\laravel\\framework\\src\\Illuminate\\View\\View.php(160): Illuminate\\View\\View->renderContents()
#7 C:\\lawas\\KULIAH\\SMT 6\\TREN MOBILE\\tugas 2\\company-profile\\vendor\\laravel\\framework\\src\\Illuminate\\Http\\Response.php(70): Illuminate\\View\\View->render()
#8 C:\\lawas\\KULIAH\\SMT 6\\TREN MOBILE\\tugas 2\\company-profile\\vendor\\laravel\\framework\\src\\Illuminate\\Http\\Response.php(35): Illuminate\\Http\\Response->setContent(Object(Illuminate\\View\\View))
#9 C:\\lawas\\KULIAH\\SMT 6\\TREN MOBILE\\tugas 2\\company-profile\\vendor\\laravel\\framework\\src\\Illuminate\\Routing\\Router.php(918): Illuminate\\Http\\Response->__construct(Object(Illuminate\\View\\View), 200, Array)
#10 C:\\lawas\\KULIAH\\SMT 6\\TREN MOBILE\\tugas 2\\company-profile\\vendor\\laravel\\framework\\src\\Illuminate\\Routing\\Router.php(885): Illuminate\\Routing\\Router::toResponse(Object(Illuminate\\Http\\Request), Object(Illuminate\\View\\View))
#11 C:\\lawas\\KULIAH\\SMT 6\\TREN MOBILE\\tugas 2\\company-profile\\vendor\\laravel\\framework\\src\\Illuminate\\Routing\\Router.php(805): Illuminate\\Routing\\Router->prepareResponse(Object(Illuminate\\Http\\Request), Object(Illuminate\\View\\View))
#12 C:\\lawas\\KULIAH\\SMT 6\\TREN MOBILE\\tugas 2\\company-profile\\vendor\\laravel\\framework\\src\\Illuminate\\Pipeline\\Pipeline.php(144): Illuminate\\Routing\\Router->Illuminate\\Routing\\{closure}(Object(Illuminate\\Http\\Request))
#13 C:\\lawas\\KULIAH\\SMT 6\\TREN MOBILE\\tugas 2\\company-profile\\vendor\\laravel\\framework\\src\\Illuminate\\Routing\\Middleware\\SubstituteBindings.php(50): Illuminate\\Pipeline\\Pipeline->Illuminate\\Pipeline\\{closure}(Object(Illuminate\\Http\\Request))
#14 C:\\lawas\\KULIAH\\SMT 6\\TREN MOBILE\\tugas 2\\company-profile\\vendor\\laravel\\framework\\src\\Illuminate\\Pipeline\\Pipeline.php(183): Illuminate\\Routing\\Middleware\\SubstituteBindings->handle(Object(Illuminate\\Http\\Request), Object(Closure))
#15 C:\\lawas\\KULIAH\\SMT 6\\TREN MOBILE\\tugas 2\\company-profile\\vendor\\laravel\\framework\\src\\Illuminate\\Foundation\\Http\\Middleware\\VerifyCsrfToken.php(88): Illuminate\\Pipeline\\Pipeline->Illuminate\\Pipeline\\{closure}(Object(Illuminate\\Http\\Request))
#16 C:\\lawas\\KULIAH\\SMT 6\\TREN MOBILE\\tugas 2\\company-profile\\vendor\\laravel\\framework\\src\\Illuminate\\Pipeline\\Pipeline.php(183): Illuminate\\Foundation\\Http\\Middleware\\VerifyCsrfToken->handle(Object(Illuminate\\Http\\Request), Object(Closure))
#17 C:\\lawas\\KULIAH\\SMT 6\\TREN MOBILE\\tugas 2\\company-profile\\vendor\\laravel\\framework\\src\\Illuminate\\View\\Middleware\\ShareErrorsFromSession.php(49): Illuminate\\Pipeline\\Pipeline->Illuminate\\Pipeline\\{closure}(Object(Illuminate\\Http\\Request))
#18 C:\\lawas\\KULIAH\\SMT 6\\TREN MOBILE\\tugas 2\\company-profile\\vendor\\laravel\\framework\\src\\Illuminate\\Pipeline\\Pipeline.php(183): Illuminate\\View\\Middleware\\ShareErrorsFromSession->handle(Object(Illuminate\\Http\\Request), Object(Closure))
#19 C:\\lawas\\KULIAH\\SMT 6\\TREN MOBILE\\tugas 2\\company-profile\\vendor\\laravel\\framework\\src\\Illuminate\\Session\\Middleware\\StartSession.php(121): Illuminate\\Pipeline\\Pipeline->Illuminate\\Pipeline\\{closure}(Object(Illuminate\\Http\\Request))
#20 C:\\lawas\\KULIAH\\SMT 6\\TREN MOBILE\\tugas 2\\company-profile\\vendor\\laravel\\framework\\src\\Illuminate\\Session\\Middleware\\StartSession.php(64): Illuminate\\Session\\Middleware\\StartSession->handleStatefulRequest(Object(Illuminate\\Http\\Request), Object(Illuminate\\Session\\Store), Object(Closure))
#21 C:\\lawas\\KULIAH\\SMT 6\\TREN MOBILE\\tugas 2\\company-profile\\vendor\\laravel\\framework\\src\\Illuminate\\Pipeline\\Pipeline.php(183): Illuminate\\Session\\Middleware\\StartSession->handle(Object(Illuminate\\Http\\Request), Object(Closure))
#22 C:\\lawas\\KULIAH\\SMT 6\\TREN MOBILE\\tugas 2\\company-profile\\vendor\\laravel\\framework\\src\\Illuminate\\Cookie\\Middleware\\AddQueuedCookiesToResponse.php(37): Illuminate\\Pipeline\\Pipeline->Illuminate\\Pipeline\\{closure}(Object(Illuminate\\Http\\Request))
#23 C:\\lawas\\KULIAH\\SMT 6\\TREN MOBILE\\tugas 2\\company-profile\\vendor\\laravel\\framework\\src\\Illuminate\\Pipeline\\Pipeline.php(183): Illuminate\\Cookie\\Middleware\\AddQueuedCookiesToResponse->handle(Object(Illuminate\\Http\\Request), Object(Closure))
#24 C:\\lawas\\KULIAH\\SMT 6\\TREN MOBILE\\tugas 2\\company-profile\\vendor\\laravel\\framework\\src\\Illuminate\\Cookie\\Middleware\\EncryptCookies.php(75): Illuminate\\Pipeline\\Pipeline->Illuminate\\Pipeline\\{closure}(Object(Illuminate\\Http\\Request))
#25 C:\\lawas\\KULIAH\\SMT 6\\TREN MOBILE\\tugas 2\\company-profile\\vendor\\laravel\\framework\\src\\Illuminate\\Pipeline\\Pipeline.php(183): Illuminate\\Cookie\\Middleware\\EncryptCookies->handle(Object(Illuminate\\Http\\Request), Object(Closure))
#26 C:\\lawas\\KULIAH\\SMT 6\\TREN MOBILE\\tugas 2\\company-profile\\vendor\\laravel\\framework\\src\\Illuminate\\Pipeline\\Pipeline.php(119): Illuminate\\Pipeline\\Pipeline->Illuminate\\Pipeline\\{closure}(Object(Illuminate\\Http\\Request))
#27 C:\\lawas\\KULIAH\\SMT 6\\TREN MOBILE\\tugas 2\\company-profile\\vendor\\laravel\\framework\\src\\Illuminate\\Routing\\Router.php(805): Illuminate\\Pipeline\\Pipeline->then(Object(Closure))
#28 C:\\lawas\\KULIAH\\SMT 6\\TREN MOBILE\\tugas 2\\company-profile\\vendor\\laravel\\framework\\src\\Illuminate\\Routing\\Router.php(784): Illuminate\\Routing\\Router->runRouteWithinStack(Object(Illuminate\\Routing\\Route), Object(Illuminate\\Http\\Request))
#29 C:\\lawas\\KULIAH\\SMT 6\\TREN MOBILE\\tugas 2\\company-profile\\vendor\\laravel\\framework\\src\\Illuminate\\Routing\\Router.php(748): Illuminate\\Routing\\Router->runRoute(Object(Illuminate\\Http\\Request), Object(Illuminate\\Routing\\Route))
#30 C:\\lawas\\KULIAH\\SMT 6\\TREN MOBILE\\tugas 2\\company-profile\\vendor\\laravel\\framework\\src\\Illuminate\\Routing\\Router.php(737): Illuminate\\Routing\\Router->dispatchToRoute(Object(Illuminate\\Http\\Request))
#31 C:\\lawas\\KULIAH\\SMT 6\\TREN MOBILE\\tugas 2\\company-profile\\vendor\\laravel\\framework\\src\\Illuminate\\Foundation\\Http\\Kernel.php(200): Illuminate\\Routing\\Router->dispatch(Object(Illuminate\\Http\\Request))
#32 C:\\lawas\\KULIAH\\SMT 6\\TREN MOBILE\\tugas 2\\company-profile\\vendor\\laravel\\framework\\src\\Illuminate\\Pipeline\\Pipeline.php(144): Illuminate\\Foundation\\Http\\Kernel->Illuminate\\Foundation\\Http\\{closure}(Object(Illuminate\\Http\\Request))
#33 C:\\lawas\\KULIAH\\SMT 6\\TREN MOBILE\\tugas 2\\company-profile\\vendor\\laravel\\framework\\src\\Illuminate\\Foundation\\Http\\Middleware\\TransformsRequest.php(21): Illuminate\\Pipeline\\Pipeline->Illuminate\\Pipeline\\{closure}(Object(Illuminate\\Http\\Request))
#34 C:\\lawas\\KULIAH\\SMT 6\\TREN MOBILE\\tugas 2\\company-profile\\vendor\\laravel\\framework\\src\\Illuminate\\Foundation\\Http\\Middleware\\ConvertEmptyStringsToNull.php(31): Illuminate\\Foundation\\Http\\Middleware\\TransformsRequest->handle(Object(Illuminate\\Http\\Request), Object(Closure))
#35 C:\\lawas\\KULIAH\\SMT 6\\TREN MOBILE\\tugas 2\\company-profile\\vendor\\laravel\\framework\\src\\Illuminate\\Pipeline\\Pipeline.php(183): Illuminate\\Foundation\\Http\\Middleware\\ConvertEmptyStringsToNull->handle(Object(Illuminate\\Http\\Request), Object(Closure))
#36 C:\\lawas\\KULIAH\\SMT 6\\TREN MOBILE\\tugas 2\\company-profile\\vendor\\laravel\\framework\\src\\Illuminate\\Foundation\\Http\\Middleware\\TransformsRequest.php(21): Illuminate\\Pipeline\\Pipeline->Illuminate\\Pipeline\\{closure}(Object(Illuminate\\Http\\Request))
#37 C:\\lawas\\KULIAH\\SMT 6\\TREN MOBILE\\tugas 2\\company-profile\\vendor\\laravel\\framework\\src\\Illuminate\\Foundation\\Http\\Middleware\\TrimStrings.php(50): Illuminate\\Foundation\\Http\\Middleware\\TransformsRequest->handle(Object(Illuminate\\Http\\Request), Object(Closure))
#38 C:\\lawas\\KULIAH\\SMT 6\\TREN MOBILE\\tugas 2\\company-profile\\vendor\\laravel\\framework\\src\\Illuminate\\Pipeline\\Pipeline.php(183): Illuminate\\Foundation\\Http\\Middleware\\TrimStrings->handle(Object(Illuminate\\Http\\Request), Object(Closure))
#39 C:\\lawas\\KULIAH\\SMT 6\\TREN MOBILE\\tugas 2\\company-profile\\vendor\\laravel\\framework\\src\\Illuminate\\Http\\Middleware\\ValidatePostSize.php(27): Illuminate\\Pipeline\\Pipeline->Illuminate\\Pipeline\\{closure}(Object(Illuminate\\Http\\Request))
#40 C:\\lawas\\KULIAH\\SMT 6\\TREN MOBILE\\tugas 2\\company-profile\\vendor\\laravel\\framework\\src\\Illuminate\\Pipeline\\Pipeline.php(183): Illuminate\\Http\\Middleware\\ValidatePostSize->handle(Object(Illuminate\\Http\\Request), Object(Closure))
#41 C:\\lawas\\KULIAH\\SMT 6\\TREN MOBILE\\tugas 2\\company-profile\\vendor\\laravel\\framework\\src\\Illuminate\\Foundation\\Http\\Middleware\\PreventRequestsDuringMaintenance.php(110): Illuminate\\Pipeline\\Pipeline->Illuminate\\Pipeline\\{closure}(Object(Illuminate\\Http\\Request))
#42 C:\\lawas\\KULIAH\\SMT 6\\TREN MOBILE\\tugas 2\\company-profile\\vendor\\laravel\\framework\\src\\Illuminate\\Pipeline\\Pipeline.php(183): Illuminate\\Foundation\\Http\\Middleware\\PreventRequestsDuringMaintenance->handle(Object(Illuminate\\Http\\Request), Object(Closure))
#43 C:\\lawas\\KULIAH\\SMT 6\\TREN MOBILE\\tugas 2\\company-profile\\vendor\\laravel\\framework\\src\\Illuminate\\Http\\Middleware\\HandleCors.php(49): Illuminate\\Pipeline\\Pipeline->Illuminate\\Pipeline\\{closure}(Object(Illuminate\\Http\\Request))
#44 C:\\lawas\\KULIAH\\SMT 6\\TREN MOBILE\\tugas 2\\company-profile\\vendor\\laravel\\framework\\src\\Illuminate\\Pipeline\\Pipeline.php(183): Illuminate\\Http\\Middleware\\HandleCors->handle(Object(Illuminate\\Http\\Request), Object(Closure))
#45 C:\\lawas\\KULIAH\\SMT 6\\TREN MOBILE\\tugas 2\\company-profile\\vendor\\laravel\\framework\\src\\Illuminate\\Http\\Middleware\\TrustProxies.php(57): Illuminate\\Pipeline\\Pipeline->Illuminate\\Pipeline\\{closure}(Object(Illuminate\\Http\\Request))
#46 C:\\lawas\\KULIAH\\SMT 6\\TREN MOBILE\\tugas 2\\company-profile\\vendor\\laravel\\framework\\src\\Illuminate\\Pipeline\\Pipeline.php(183): Illuminate\\Http\\Middleware\\TrustProxies->handle(Object(Illuminate\\Http\\Request), Object(Closure))
#47 C:\\lawas\\KULIAH\\SMT 6\\TREN MOBILE\\tugas 2\\company-profile\\vendor\\laravel\\framework\\src\\Illuminate\\Pipeline\\Pipeline.php(119): Illuminate\\Pipeline\\Pipeline->Illuminate\\Pipeline\\{closure}(Object(Illuminate\\Http\\Request))
#48 C:\\lawas\\KULIAH\\SMT 6\\TREN MOBILE\\tugas 2\\company-profile\\vendor\\laravel\\framework\\src\\Illuminate\\Foundation\\Http\\Kernel.php(175): Illuminate\\Pipeline\\Pipeline->then(Object(Closure))
#49 C:\\lawas\\KULIAH\\SMT 6\\TREN MOBILE\\tugas 2\\company-profile\\vendor\\laravel\\framework\\src\\Illuminate\\Foundation\\Http\\Kernel.php(144): Illuminate\\Foundation\\Http\\Kernel->sendRequestThroughRouter(Object(Illuminate\\Http\\Request))
#50 C:\\lawas\\KULIAH\\SMT 6\\TREN MOBILE\\tugas 2\\company-profile\\vendor\\laravel\\framework\\src\\Illuminate\\Foundation\\Application.php(1168): Illuminate\\Foundation\\Http\\Kernel->handle(Object(Illuminate\\Http\\Request))
#51 C:\\lawas\\KULIAH\\SMT 6\\TREN MOBILE\\tugas 2\\company-profile\\public\\index.php(17): Illuminate\\Foundation\\Application->handleRequest(Object(Illuminate\\Http\\Request))
#52 C:\\lawas\\KULIAH\\SMT 6\\TREN MOBILE\\tugas 2\\company-profile\\vendor\\laravel\\framework\\src\\Illuminate\\Foundation\\resources\\server.php(16): require_once('C:\\\\lawas\\\\KULIAH...')
#53 {main}
"} 
